[debug] [2023-07-17T09:38:16.497Z] ----------------------------------------------------------------------
[debug] [2023-07-17T09:38:16.499Z] Command:       /usr/local/bin/node /usr/local/bin/firebase init
[debug] [2023-07-17T09:38:16.499Z] CLI Version:   12.4.4
[debug] [2023-07-17T09:38:16.501Z] Platform:      darwin
[debug] [2023-07-17T09:38:16.501Z] Node Version:  v18.14.2
[debug] [2023-07-17T09:38:16.503Z] Time:          Mon Jul 17 2023 15:08:16 GMT+0530 (India Standard Time)
[debug] [2023-07-17T09:38:16.504Z] ----------------------------------------------------------------------
[debug] 
[debug] [2023-07-17T09:38:16.510Z] >>> [apiv2][query] GET https://firebase-public.firebaseio.com/cli.json [none]
[debug] [2023-07-17T09:38:16.559Z] > command requires scopes: ["email","openid","https://www.googleapis.com/auth/cloudplatformprojects.readonly","https://www.googleapis.com/auth/firebase","https://www.googleapis.com/auth/cloud-platform"]
[debug] [2023-07-17T09:38:16.561Z] > authorizing via signed-in user (pkotwal24@gmail.com)
[info] 
     ######## #### ########  ######## ########     ###     ######  ########
     ##        ##  ##     ## ##       ##     ##  ##   ##  ##       ##
     ######    ##  ########  ######   ########  #########  ######  ######
     ##        ##  ##    ##  ##       ##     ## ##     ##       ## ##
     ##       #### ##     ## ######## ########  ##     ##  ######  ########

You're about to initialize a Firebase project in this directory:

  /Users/pranavkotwal/Desktop/calculator-react

[debug] [2023-07-17T09:38:17.277Z] <<< [apiv2][status] GET https://firebase-public.firebaseio.com/cli.json 200
[debug] [2023-07-17T09:38:17.282Z] <<< [apiv2][body] GET https://firebase-public.firebaseio.com/cli.json {"cloudBuildErrorAfter":1594252800000,"cloudBuildWarnAfter":1590019200000,"defaultNode10After":1594252800000,"minVersion":"3.0.5","node8DeploysDisabledAfter":1613390400000,"node8RuntimeDisabledAfter":1615809600000,"node8WarnAfter":1600128000000}
